1703090824362	geckodriver	INFO	Listening on 127.0.0.1:21128
1703090827480	mozrunner::runner	INFO	Running command: "C:\\Program Files\\Mozilla Firefox\\firefox.exe" "--marionette" "-no-remote" "-profile" "C:\\Users\\HUAWEI\\AppData\\Local\\Temp\\rust_mozprofileZwPDwf"
console.warn: services.settings: Ignoring preference override of remote settings server
console.warn: services.settings: Allow by setting MOZ_REMOTE_SETTINGS_DEVTOOLS=1 in the environment
1703090828270	Marionette	INFO	Marionette enabled
Dynamically enable window occlusion 0
1703090828691	Marionette	INFO	Listening on port 21138
Read port: 21138
1703090828959	RemoteAgent	WARN	TLS certificate errors will be ignored for this session
Exiting due to channel error.
1703091144319	geckodriver	INFO	Listening on 127.0.0.1:21475
1703091147388	mozrunner::runner	INFO	Running command: "C:\\Program Files\\Mozilla Firefox\\firefox.exe" "--marionette" "-no-remote" "-profile" "C:\\Users\\HUAWEI\\AppData\\Local\\Temp\\rust_mozprofilefkFzwn"
console.warn: services.settings: Ignoring preference override of remote settings server
console.warn: services.settings: Allow by setting MOZ_REMOTE_SETTINGS_DEVTOOLS=1 in the environment
1703091147924	Marionette	INFO	Marionette enabled
Dynamically enable window occlusion 0
1703091148338	Marionette	INFO	Listening on port 21492
Read port: 21492
1703091148520	RemoteAgent	WARN	TLS certificate errors will be ignored for this session
1703091179656	addons.xpi	ERROR	System addon update list error SyntaxError: XMLHttpRequest.open: 'http://%(server)s/dummy-system-addons.xml' is not a valid URL.
Exiting due to channel error.
1703091200157	geckodriver	INFO	Listening on 127.0.0.1:21595
1703091203263	mozrunner::runner	INFO	Running command: "C:\\Program Files\\Mozilla Firefox\\firefox.exe" "--marionette" "-no-remote" "-profile" "C:\\Users\\HUAWEI\\AppData\\Local\\Temp\\rust_mozprofilewWC5Jn"
console.warn: services.settings: Ignoring preference override of remote settings server
console.warn: services.settings: Allow by setting MOZ_REMOTE_SETTINGS_DEVTOOLS=1 in the environment
1703091203891	Marionette	INFO	Marionette enabled
Dynamically enable window occlusion 0
1703091204177	Marionette	INFO	Listening on port 21609
Read port: 21609
1703091204475	RemoteAgent	WARN	TLS certificate errors will be ignored for this session
1703091233928	addons.xpi	ERROR	System addon update list error SyntaxError: XMLHttpRequest.open: 'http://%(server)s/dummy-system-addons.xml' is not a valid URL.
console.error: services.settings: 
  main/search-config-v2 Signature failed  InvalidSignatureError: Invalid content signature (main/search-config-v2) using 'remote-settings.content-signature.mozilla.org-2024-01-19-16-42-21.chain'
console.error: services.settings: 
  main/search-config-v2 local data was corrupted
console.warn: services.settings: main/search-config-v2 Signature verified failed. Retry from scratch
JavaScript warning: https://www.googletagmanager.com/gtag/js?id=G-DP2X732JSX&l=pingerDataLayer&cx=c, line 454: Script terminated by timeout at:
aa.wh@https://www.googletagmanager.com/gtag/js?id=G-DP2X732JSX&l=pingerDataLayer&cx=c:454:89
get@https://www.googletagmanager.com/gtag/js?id=G-DP2X732JSX&l=pingerDataLayer&cx=c:452:119
stop@https://www.googletagmanager.com/gtag/js?id=G-DP2X732JSX&l=pingerDataLayer&cx=c:452:87
aa.Jk/c/<@https://www.googletagmanager.com/gtag/js?id=G-DP2X732JSX&l=pingerDataLayer&cx=c:452:412

1703091283349	Marionette	INFO	Stopped listening on port 21609
Dynamically enable window occlusion 1
JavaScript error: chrome://remote/content/marionette/cert.sys.mjs, line 51: NS_ERROR_NOT_AVAILABLE: Component returned failure code: 0x80040111 (NS_ERROR_NOT_AVAILABLE) [nsICertOverrideService.setDisableAllSecurityChecksAndLetAttackersInterceptMyData]
1703091318833	geckodriver	INFO	Listening on 127.0.0.1:21727
1703091321918	mozrunner::runner	INFO	Running command: "C:\\Program Files\\Mozilla Firefox\\firefox.exe" "--marionette" "-no-remote" "-profile" "C:\\Users\\HUAWEI\\AppData\\Local\\Temp\\rust_mozprofile4KXM4w"
console.warn: services.settings: Ignoring preference override of remote settings server
console.warn: services.settings: Allow by setting MOZ_REMOTE_SETTINGS_DEVTOOLS=1 in the environment
1703091322560	Marionette	INFO	Marionette enabled
Dynamically enable window occlusion 0
1703091322845	Marionette	INFO	Listening on port 21737
Read port: 21737
1703091323052	RemoteAgent	WARN	TLS certificate errors will be ignored for this session
1703091331214	Marionette	INFO	Stopped listening on port 21737
Dynamically enable window occlusion 1
JavaScript error: chrome://remote/content/marionette/cert.sys.mjs, line 51: NS_ERROR_NOT_AVAILABLE: Component returned failure code: 0x80040111 (NS_ERROR_NOT_AVAILABLE) [nsICertOverrideService.setDisableAllSecurityChecksAndLetAttackersInterceptMyData]
1703092204240	geckodriver	INFO	Listening on 127.0.0.1:23044
1703092207340	mozrunner::runner	INFO	Running command: "C:\\Program Files\\Mozilla Firefox\\firefox.exe" "--marionette" "-no-remote" "-profile" "C:\\Users\\HUAWEI\\AppData\\Local\\Temp\\rust_mozprofile3e81hP"
console.warn: services.settings: Ignoring preference override of remote settings server
console.warn: services.settings: Allow by setting MOZ_REMOTE_SETTINGS_DEVTOOLS=1 in the environment
1703092208022	Marionette	INFO	Marionette enabled
Dynamically enable window occlusion 0
1703092208610	Marionette	INFO	Listening on port 23058
Read port: 23058
1703092208815	RemoteAgent	WARN	TLS certificate errors will be ignored for this session
1703092238167	addons.xpi	ERROR	System addon update list error SyntaxError: XMLHttpRequest.open: 'http://%(server)s/dummy-system-addons.xml' is not a valid URL.
console.error: services.settings: 
  main/search-config-v2 Signature failed  InvalidSignatureError: Invalid content signature (main/search-config-v2) using 'remote-settings.content-signature.mozilla.org-2024-01-19-16-42-21.chain'
console.error: services.settings: 
  main/search-config-v2 local data was corrupted
console.warn: services.settings: main/search-config-v2 Signature verified failed. Retry from scratch
JavaScript warning: https://www.googletagmanager.com/gtag/js?id=G-DP2X732JSX&l=pingerDataLayer&cx=c, line 454: Script terminated by timeout at:
aa.wh@https://www.googletagmanager.com/gtag/js?id=G-DP2X732JSX&l=pingerDataLayer&cx=c:454:89
get@https://www.googletagmanager.com/gtag/js?id=G-DP2X732JSX&l=pingerDataLayer&cx=c:452:119
stop@https://www.googletagmanager.com/gtag/js?id=G-DP2X732JSX&l=pingerDataLayer&cx=c:452:87
aa.Jk/c/<@https://www.googletagmanager.com/gtag/js?id=G-DP2X732JSX&l=pingerDataLayer&cx=c:452:412

1703092303807	Marionette	INFO	Stopped listening on port 23058
Dynamically enable window occlusion 1
JavaScript error: chrome://remote/content/marionette/cert.sys.mjs, line 51: NS_ERROR_NOT_AVAILABLE: Component returned failure code: 0x80040111 (NS_ERROR_NOT_AVAILABLE) [nsICertOverrideService.setDisableAllSecurityChecksAndLetAttackersInterceptMyData]
1703092457699	geckodriver	INFO	Listening on 127.0.0.1:23377
1703092460789	mozrunner::runner	INFO	Running command: "C:\\Program Files\\Mozilla Firefox\\firefox.exe" "--marionette" "-no-remote" "-profile" "C:\\Users\\HUAWEI\\AppData\\Local\\Temp\\rust_mozprofileJG0hVe"
console.warn: services.settings: Ignoring preference override of remote settings server
console.warn: services.settings: Allow by setting MOZ_REMOTE_SETTINGS_DEVTOOLS=1 in the environment
1703092461481	Marionette	INFO	Marionette enabled
Dynamically enable window occlusion 0
1703092461856	Marionette	INFO	Listening on port 23389
Read port: 23389
1703092462046	RemoteAgent	WARN	TLS certificate errors will be ignored for this session
1703092491502	addons.xpi	ERROR	System addon update list error SyntaxError: XMLHttpRequest.open: 'http://%(server)s/dummy-system-addons.xml' is not a valid URL.
JavaScript warning: https://www.googletagmanager.com/gtag/js?id=G-DP2X732JSX&l=pingerDataLayer&cx=c, line 454: Script terminated by timeout at:
aa.wh@https://www.googletagmanager.com/gtag/js?id=G-DP2X732JSX&l=pingerDataLayer&cx=c:454:42
get@https://www.googletagmanager.com/gtag/js?id=G-DP2X732JSX&l=pingerDataLayer&cx=c:452:119
stop@https://www.googletagmanager.com/gtag/js?id=G-DP2X732JSX&l=pingerDataLayer&cx=c:452:87
aa.Jk/c/<@https://www.googletagmanager.com/gtag/js?id=G-DP2X732JSX&l=pingerDataLayer&cx=c:452:412

1703092496100	Marionette	INFO	Stopped listening on port 23389
Dynamically enable window occlusion 1
JavaScript error: chrome://remote/content/marionette/cert.sys.mjs, line 51: NS_ERROR_NOT_AVAILABLE: Component returned failure code: 0x80040111 (NS_ERROR_NOT_AVAILABLE) [nsICertOverrideService.setDisableAllSecurityChecksAndLetAttackersInterceptMyData]
1703092579430	geckodriver	INFO	Listening on 127.0.0.1:23566
1703092582543	mozrunner::runner	INFO	Running command: "C:\\Program Files\\Mozilla Firefox\\firefox.exe" "--marionette" "-no-remote" "-profile" "C:\\Users\\HUAWEI\\AppData\\Local\\Temp\\rust_mozprofiletmfs8y"
console.warn: services.settings: Ignoring preference override of remote settings server
console.warn: services.settings: Allow by setting MOZ_REMOTE_SETTINGS_DEVTOOLS=1 in the environment
1703092583168	Marionette	INFO	Marionette enabled
Dynamically enable window occlusion 0
1703092583524	Marionette	INFO	Listening on port 23576
Read port: 23576
1703092583684	RemoteAgent	WARN	TLS certificate errors will be ignored for this session
1703092613196	addons.xpi	ERROR	System addon update list error SyntaxError: XMLHttpRequest.open: 'http://%(server)s/dummy-system-addons.xml' is not a valid URL.
console.error: services.settings: 
  main/search-config-v2 Signature failed  InvalidSignatureError: Invalid content signature (main/search-config-v2) using 'remote-settings.content-signature.mozilla.org-2024-01-19-16-42-21.chain'
console.error: services.settings: 
  main/search-config-v2 local data was corrupted
console.warn: services.settings: main/search-config-v2 Signature verified failed. Retry from scratch
JavaScript warning: https://www.googletagmanager.com/gtag/js?id=G-DP2X732JSX&l=pingerDataLayer&cx=c, line 454: Script terminated by timeout at:
aa.wh@https://www.googletagmanager.com/gtag/js?id=G-DP2X732JSX&l=pingerDataLayer&cx=c:454:89
get@https://www.googletagmanager.com/gtag/js?id=G-DP2X732JSX&l=pingerDataLayer&cx=c:452:119
stop@https://www.googletagmanager.com/gtag/js?id=G-DP2X732JSX&l=pingerDataLayer&cx=c:452:87
aa.Jk/c/<@https://www.googletagmanager.com/gtag/js?id=G-DP2X732JSX&l=pingerDataLayer&cx=c:452:412

1703092727982	Marionette	INFO	Stopped listening on port 23576
Dynamically enable window occlusion 1
JavaScript error: chrome://remote/content/marionette/cert.sys.mjs, line 51: NS_ERROR_NOT_AVAILABLE: Component returned failure code: 0x80040111 (NS_ERROR_NOT_AVAILABLE) [nsICertOverrideService.setDisableAllSecurityChecksAndLetAttackersInterceptMyData]
1703092778041	geckodriver	INFO	Listening on 127.0.0.1:23783
1703092781138	mozrunner::runner	INFO	Running command: "C:\\Program Files\\Mozilla Firefox\\firefox.exe" "--marionette" "-no-remote" "-profile" "C:\\Users\\HUAWEI\\AppData\\Local\\Temp\\rust_mozprofileyFp2ss"
console.warn: services.settings: Ignoring preference override of remote settings server
console.warn: services.settings: Allow by setting MOZ_REMOTE_SETTINGS_DEVTOOLS=1 in the environment
1703092781723	Marionette	INFO	Marionette enabled
Dynamically enable window occlusion 0
1703092782097	Marionette	INFO	Listening on port 23806
Read port: 23806
1703092782268	RemoteAgent	WARN	TLS certificate errors will be ignored for this session
1703092811742	addons.xpi	ERROR	System addon update list error SyntaxError: XMLHttpRequest.open: 'http://%(server)s/dummy-system-addons.xml' is not a valid URL.
console.error: services.settings: 
  main/search-config-v2 Signature failed  InvalidSignatureError: Invalid content signature (main/search-config-v2) using 'remote-settings.content-signature.mozilla.org-2024-01-19-16-42-21.chain'
console.error: services.settings: 
  main/search-config-v2 local data was corrupted
console.warn: services.settings: main/search-config-v2 Signature verified failed. Retry from scratch
JavaScript warning: https://www.googletagmanager.com/gtag/js?id=G-DP2X732JSX&l=pingerDataLayer&cx=c, line 454: Script terminated by timeout at:
aa.wh@https://www.googletagmanager.com/gtag/js?id=G-DP2X732JSX&l=pingerDataLayer&cx=c:454:89
get@https://www.googletagmanager.com/gtag/js?id=G-DP2X732JSX&l=pingerDataLayer&cx=c:452:119
stop@https://www.googletagmanager.com/gtag/js?id=G-DP2X732JSX&l=pingerDataLayer&cx=c:452:87
aa.Jk/c/<@https://www.googletagmanager.com/gtag/js?id=G-DP2X732JSX&l=pingerDataLayer&cx=c:452:412

1703092883238	Marionette	INFO	Stopped listening on port 23806
Dynamically enable window occlusion 1
JavaScript error: chrome://remote/content/marionette/cert.sys.mjs, line 51: NS_ERROR_NOT_AVAILABLE: Component returned failure code: 0x80040111 (NS_ERROR_NOT_AVAILABLE) [nsICertOverrideService.setDisableAllSecurityChecksAndLetAttackersInterceptMyData]
1703093036620	geckodriver	INFO	Listening on 127.0.0.1:24004
1703093039704	mozrunner::runner	INFO	Running command: "C:\\Program Files\\Mozilla Firefox\\firefox.exe" "--marionette" "-no-remote" "-profile" "C:\\Users\\HUAWEI\\AppData\\Local\\Temp\\rust_mozprofilexL09uX"
console.warn: services.settings: Ignoring preference override of remote settings server
console.warn: services.settings: Allow by setting MOZ_REMOTE_SETTINGS_DEVTOOLS=1 in the environment
1703093040434	Marionette	INFO	Marionette enabled
Dynamically enable window occlusion 0
1703093040843	Marionette	INFO	Listening on port 24014
Read port: 24014
1703093041055	RemoteAgent	WARN	TLS certificate errors will be ignored for this session
1703093070458	addons.xpi	ERROR	System addon update list error SyntaxError: XMLHttpRequest.open: 'http://%(server)s/dummy-system-addons.xml' is not a valid URL.
console.error: services.settings: 
  main/search-config-v2 Signature failed  InvalidSignatureError: Invalid content signature (main/search-config-v2) using 'remote-settings.content-signature.mozilla.org-2024-01-19-16-42-21.chain'
console.error: services.settings: 
  main/search-config-v2 local data was corrupted
console.warn: services.settings: main/search-config-v2 Signature verified failed. Retry from scratch
JavaScript error: https://pubchem.ncbi.nlm.nih.gov/#query=tris-(dibenzylideneacetone)dipalladium(0), line 942: SyntaxError: invalid range in character class
JavaScript error: https://pubchem.ncbi.nlm.nih.gov/#query=tris-(dibenzylideneacetone)dipalladium(0), line 942: SyntaxError: invalid range in character class
JavaScript error: https://pubchem.ncbi.nlm.nih.gov/#query=tris-(dibenzylideneacetone)dipalladium(0), line 942: SyntaxError: invalid range in character class
JavaScript error: https://pubchem.ncbi.nlm.nih.gov/#query=tris-(dibenzylideneacetone)dipalladium(0), line 942: SyntaxError: invalid range in character class
JavaScript error: https://pubchem.ncbi.nlm.nih.gov/#query=tris-(dibenzylideneacetone)dipalladium(0), line 942: SyntaxError: invalid range in character class
JavaScript error: https://pubchem.ncbi.nlm.nih.gov/#query=tris-(dibenzylideneacetone)dipalladium(0), line 942: SyntaxError: invalid range in character class
JavaScript error: https://pubchem.ncbi.nlm.nih.gov/#query=tris-(dibenzylideneacetone)dipalladium(0), line 942: SyntaxError: invalid range in character class
JavaScript error: https://pubchem.ncbi.nlm.nih.gov/#query=tris-(dibenzylideneacetone)dipalladium(0), line 942: SyntaxError: invalid range in character class
JavaScript error: https://pubchem.ncbi.nlm.nih.gov/#query=tris-(dibenzylideneacetone)dipalladium(0), line 942: SyntaxError: invalid range in character class
JavaScript error: https://pubchem.ncbi.nlm.nih.gov/#query=tris-(dibenzylideneacetone)dipalladium(0), line 942: SyntaxError: invalid range in character class
JavaScript error: https://pubchem.ncbi.nlm.nih.gov/#query=tris-(dibenzylideneacetone)dipalladium(0), line 942: SyntaxError: invalid range in character class
JavaScript error: https://pubchem.ncbi.nlm.nih.gov/#query=tris-(dibenzylideneacetone)dipalladium(0), line 942: SyntaxError: invalid range in character class
JavaScript error: https://pubchem.ncbi.nlm.nih.gov/#query=tris-(dibenzylideneacetone)dipalladium(0), line 942: SyntaxError: invalid range in character class
JavaScript error: https://pubchem.ncbi.nlm.nih.gov/#query=tris-(dibenzylideneacetone)dipalladium(0), line 942: SyntaxError: invalid range in character class
JavaScript error: https://pubchem.ncbi.nlm.nih.gov/#query=tris-(dibenzylideneacetone)dipalladium(0), line 942: SyntaxError: invalid range in character class
JavaScript error: https://pubchem.ncbi.nlm.nih.gov/#query=tris-(dibenzylideneacetone)dipalladium(0), line 942: SyntaxError: invalid range in character class
JavaScript error: https://pubchem.ncbi.nlm.nih.gov/#query=tris-(dibenzylideneacetone)dipalladium(0), line 942: SyntaxError: invalid range in character class
JavaScript error: https://pubchem.ncbi.nlm.nih.gov/#query=tris-(dibenzylideneacetone)dipalladium(0), line 942: SyntaxError: invalid range in character class
JavaScript error: https://pubchem.ncbi.nlm.nih.gov/#query=tris-(dibenzylideneacetone)dipalladium(0), line 942: SyntaxError: invalid range in character class
JavaScript error: https://pubchem.ncbi.nlm.nih.gov/#query=tris-(dibenzylideneacetone)dipalladium(0), line 942: SyntaxError: invalid range in character class
JavaScript error: https://pubchem.ncbi.nlm.nih.gov/#query=tris-(dibenzylideneacetone)dipalladium(0), line 102: URIError: malformed URI sequence
JavaScript error: https://pubchem.ncbi.nlm.nih.gov/#query=tris-(dibenzylideneacetone)dipalladium(0), line 942: SyntaxError: invalid range in character class
JavaScript error: https://pubchem.ncbi.nlm.nih.gov/#query=tris-(dibenzylideneacetone)dipalladium(0), line 942: SyntaxError: nothing to repeat
JavaScript error: https://pubchem.ncbi.nlm.nih.gov/#query=tris-(dibenzylideneacetone)dipalladium(0), line 942: SyntaxError: invalid range in character class
JavaScript error: https://pubchem.ncbi.nlm.nih.gov/#query=tris-(dibenzylideneacetone)dipalladium(0), line 942: SyntaxError: invalid range in character class
JavaScript error: https://pubchem.ncbi.nlm.nih.gov/#query=tris-(dibenzylideneacetone)dipalladium(0), line 102: URIError: malformed URI sequence
JavaScript error: https://pubchem.ncbi.nlm.nih.gov/#query=tris-(dibenzylideneacetone)dipalladium(0), line 942: SyntaxError: invalid range in character class
JavaScript error: https://pubchem.ncbi.nlm.nih.gov/#query=tris-(dibenzylideneacetone)dipalladium(0), line 102: URIError: malformed URI sequence
JavaScript error: https://pubchem.ncbi.nlm.nih.gov/#query=tris-(dibenzylideneacetone)dipalladium(0), line 102: URIError: malformed URI sequence
JavaScript error: https://pubchem.ncbi.nlm.nih.gov/#query=tris-(dibenzylideneacetone)dipalladium(0), line 942: SyntaxError: invalid range in character class
JavaScript error: https://pubchem.ncbi.nlm.nih.gov/#query=tris-(dibenzylideneacetone)dipalladium(0), line 942: SyntaxError: invalid range in character class
JavaScript error: https://pubchem.ncbi.nlm.nih.gov/#query=tris-(dibenzylideneacetone)dipalladium(0), line 942: SyntaxError: invalid range in character class
JavaScript error: https://pubchem.ncbi.nlm.nih.gov/#query=tris-(dibenzylideneacetone)dipalladium(0), line 942: SyntaxError: invalid range in character class
JavaScript error: https://pubchem.ncbi.nlm.nih.gov/#query=tris-(dibenzylideneacetone)dipalladium(0), line 942: SyntaxError: invalid range in character class
JavaScript error: https://pubchem.ncbi.nlm.nih.gov/#query=tris-(dibenzylideneacetone)dipalladium(0), line 942: SyntaxError: invalid range in character class
JavaScript error: https://pubchem.ncbi.nlm.nih.gov/#query=tris-(dibenzylideneacetone)dipalladium(0), line 942: SyntaxError: invalid range in character class
JavaScript error: https://pubchem.ncbi.nlm.nih.gov/#query=tris-(dibenzylideneacetone)dipalladium(0), line 942: SyntaxError: nothing to repeat
JavaScript error: https://pubchem.ncbi.nlm.nih.gov/#query=tris-(dibenzylideneacetone)dipalladium(0), line 942: SyntaxError: invalid range in character class
JavaScript error: https://pubchem.ncbi.nlm.nih.gov/#query=tris-(dibenzylideneacetone)dipalladium(0), line 942: SyntaxError: invalid range in character class
JavaScript error: https://pubchem.ncbi.nlm.nih.gov/#query=tris-(dibenzylideneacetone)dipalladium(0), line 942: SyntaxError: invalid range in character class
JavaScript error: https://pubchem.ncbi.nlm.nih.gov/#query=tris-(dibenzylideneacetone)dipalladium(0), line 942: SyntaxError: invalid range in character class
JavaScript error: https://pubchem.ncbi.nlm.nih.gov/#query=tris-(dibenzylideneacetone)dipalladium(0), line 942: SyntaxError: invalid range in character class
JavaScript error: https://pubchem.ncbi.nlm.nih.gov/#query=tris-(dibenzylideneacetone)dipalladium(0), line 942: SyntaxError: invalid range in character class
JavaScript error: https://pubchem.ncbi.nlm.nih.gov/#query=tris-(dibenzylideneacetone)dipalladium(0), line 942: SyntaxError: invalid range in character class
JavaScript error: https://pubchem.ncbi.nlm.nih.gov/#query=tris-(dibenzylideneacetone)dipalladium(0), line 942: SyntaxError: invalid range in character class
JavaScript error: https://pubchem.ncbi.nlm.nih.gov/#query=tris-(dibenzylideneacetone)dipalladium(0), line 942: SyntaxError: invalid range in character class
JavaScript error: https://pubchem.ncbi.nlm.nih.gov/#query=tris-(dibenzylideneacetone)dipalladium(0), line 942: SyntaxError: invalid range in character class
JavaScript error: https://pubchem.ncbi.nlm.nih.gov/#query=tris-(dibenzylideneacetone)dipalladium(0), line 942: SyntaxError: invalid range in character class
JavaScript error: https://pubchem.ncbi.nlm.nih.gov/#query=tris-(dibenzylideneacetone)dipalladium(0), line 102: URIError: malformed URI sequence
JavaScript error: https://pubchem.ncbi.nlm.nih.gov/#query=tris-(dibenzylideneacetone)dipalladium(0), line 942: SyntaxError: invalid range in character class
JavaScript error: https://pubchem.ncbi.nlm.nih.gov/#query=tris-(dibenzylideneacetone)dipalladium(0), line 942: SyntaxError: invalid range in character class
JavaScript error: https://pubchem.ncbi.nlm.nih.gov/#query=tris-(dibenzylideneacetone)dipalladium(0), line 942: SyntaxError: invalid range in character class
JavaScript error: https://pubchem.ncbi.nlm.nih.gov/#query=tris-(dibenzylideneacetone)dipalladium(0), line 102: URIError: malformed URI sequence
JavaScript error: https://pubchem.ncbi.nlm.nih.gov/#query=tris-(dibenzylideneacetone)dipalladium(0), line 942: SyntaxError: invalid range in character class
JavaScript error: https://pubchem.ncbi.nlm.nih.gov/#query=tris-(dibenzylideneacetone)dipalladium(0), line 942: SyntaxError: invalid range in character class
JavaScript error: https://pubchem.ncbi.nlm.nih.gov/#query=tris-(dibenzylideneacetone)dipalladium(0), line 942: SyntaxError: invalid range in character class
JavaScript error: https://pubchem.ncbi.nlm.nih.gov/#query=tris-(dibenzylideneacetone)dipalladium(0), line 942: SyntaxError: invalid range in character class
JavaScript error: https://pubchem.ncbi.nlm.nih.gov/#query=tris-(dibenzylideneacetone)dipalladium(0), line 942: SyntaxError: invalid range in character class
JavaScript error: https://pubchem.ncbi.nlm.nih.gov/#query=tris-(dibenzylideneacetone)dipalladium(0), line 942: SyntaxError: invalid range in character class
JavaScript error: https://pubchem.ncbi.nlm.nih.gov/#query=tris-(dibenzylideneacetone)dipalladium(0), line 942: SyntaxError: invalid range in character class
JavaScript error: https://pubchem.ncbi.nlm.nih.gov/#query=tris-(dibenzylideneacetone)dipalladium(0), line 942: SyntaxError: invalid range in character class
JavaScript error: https://pubchem.ncbi.nlm.nih.gov/#query=tris-(dibenzylideneacetone)dipalladium(0), line 942: SyntaxError: invalid range in character class
JavaScript error: https://pubchem.ncbi.nlm.nih.gov/#query=tris-(dibenzylideneacetone)dipalladium(0), line 942: SyntaxError: invalid range in character class
JavaScript error: https://pubchem.ncbi.nlm.nih.gov/#query=tris-(dibenzylideneacetone)dipalladium(0), line 942: SyntaxError: invalid range in character class
JavaScript error: https://pubchem.ncbi.nlm.nih.gov/#query=tris-(dibenzylideneacetone)dipalladium(0), line 942: SyntaxError: nothing to repeat
JavaScript error: https://pubchem.ncbi.nlm.nih.gov/#query=tris-(dibenzylideneacetone)dipalladium(0), line 942: SyntaxError: invalid range in character class
JavaScript error: https://pubchem.ncbi.nlm.nih.gov/#query=tris-(dibenzylideneacetone)dipalladium(0), line 102: URIError: malformed URI sequence
JavaScript error: https://pubchem.ncbi.nlm.nih.gov/#query=tris-(dibenzylideneacetone)dipalladium(0), line 942: SyntaxError: invalid range in character class
JavaScript error: https://pubchem.ncbi.nlm.nih.gov/#query=tris-(dibenzylideneacetone)dipalladium(0), line 942: SyntaxError: invalid range in character class
JavaScript error: https://pubchem.ncbi.nlm.nih.gov/#query=tris-(dibenzylideneacetone)dipalladium(0), line 942: SyntaxError: invalid range in character class
JavaScript error: https://pubchem.ncbi.nlm.nih.gov/#query=tris-(dibenzylideneacetone)dipalladium(0), line 942: SyntaxError: invalid range in character class
JavaScript error: https://pubchem.ncbi.nlm.nih.gov/#query=tris-(dibenzylideneacetone)dipalladium(0), line 942: SyntaxError: invalid range in character class
JavaScript error: https://pubchem.ncbi.nlm.nih.gov/#query=tris-(dibenzylideneacetone)dipalladium(0), line 942: SyntaxError: invalid range in character class
JavaScript error: https://pubchem.ncbi.nlm.nih.gov/#query=tris-(dibenzylideneacetone)dipalladium(0), line 942: SyntaxError: invalid range in character class
JavaScript error: https://pubchem.ncbi.nlm.nih.gov/#query=tris-(dibenzylideneacetone)dipalladium(0), line 942: SyntaxError: invalid range in character class
JavaScript error: https://pubchem.ncbi.nlm.nih.gov/#query=tris-(dibenzylideneacetone)dipalladium(0), line 942: SyntaxError: invalid range in character class
JavaScript error: https://pubchem.ncbi.nlm.nih.gov/#query=tris-(dibenzylideneacetone)dipalladium(0), line 942: SyntaxError: invalid range in character class
JavaScript error: https://pubchem.ncbi.nlm.nih.gov/#query=tris-(dibenzylideneacetone)dipalladium(0), line 942: SyntaxError: invalid range in character class
JavaScript error: https://pubchem.ncbi.nlm.nih.gov/#query=tris-(dibenzylideneacetone)dipalladium(0), line 942: SyntaxError: invalid range in character class
JavaScript error: https://pubchem.ncbi.nlm.nih.gov/#query=tris-(dibenzylideneacetone)dipalladium(0), line 942: SyntaxError: invalid range in character class
JavaScript error: https://pubchem.ncbi.nlm.nih.gov/#query=tris-(dibenzylideneacetone)dipalladium(0), line 942: SyntaxError: invalid range in character class
JavaScript error: https://pubchem.ncbi.nlm.nih.gov/#query=tris-(dibenzylideneacetone)dipalladium(0), line 942: SyntaxError: invalid range in character class
JavaScript error: https://pubchem.ncbi.nlm.nih.gov/#query=tris-(dibenzylideneacetone)dipalladium(0), line 942: SyntaxError: nothing to repeat
JavaScript error: https://pubchem.ncbi.nlm.nih.gov/#query=tris-(dibenzylideneacetone)dipalladium(0), line 942: SyntaxError: invalid range in character class
JavaScript error: https://pubchem.ncbi.nlm.nih.gov/#query=tris-(dibenzylideneacetone)dipalladium(0), line 942: SyntaxError: invalid range in character class
JavaScript error: https://pubchem.ncbi.nlm.nih.gov/#query=tris-(dibenzylideneacetone)dipalladium(0), line 942: SyntaxError: nothing to repeat
JavaScript error: https://pubchem.ncbi.nlm.nih.gov/#query=tris-(dibenzylideneacetone)dipalladium(0), line 942: SyntaxError: invalid range in character class
JavaScript error: https://pubchem.ncbi.nlm.nih.gov/#query=tris-(dibenzylideneacetone)dipalladium(0), line 942: SyntaxError: invalid range in character class
JavaScript error: https://pubchem.ncbi.nlm.nih.gov/#query=tris-(dibenzylideneacetone)dipalladium(0), line 942: SyntaxError: invalid range in character class
JavaScript error: https://pubchem.ncbi.nlm.nih.gov/#query=tris-(dibenzylideneacetone)dipalladium(0), line 942: SyntaxError: invalid range in character class
JavaScript error: https://pubchem.ncbi.nlm.nih.gov/#query=tris-(dibenzylideneacetone)dipalladium(0), line 942: SyntaxError: invalid range in character class
JavaScript error: https://pubchem.ncbi.nlm.nih.gov/#query=tris-(dibenzylideneacetone)dipalladium(0), line 942: SyntaxError: invalid range in character class
JavaScript error: https://pubchem.ncbi.nlm.nih.gov/#query=tris-(dibenzylideneacetone)dipalladium(0), line 942: SyntaxError: invalid range in character class
JavaScript error: https://pubchem.ncbi.nlm.nih.gov/#query=tris-(dibenzylideneacetone)dipalladium(0), line 942: SyntaxError: invalid range in character class
JavaScript error: https://pubchem.ncbi.nlm.nih.gov/#query=tris-(dibenzylideneacetone)dipalladium(0), line 942: SyntaxError: invalid range in character class
JavaScript error: https://pubchem.ncbi.nlm.nih.gov/#query=tris-(dibenzylideneacetone)dipalladium(0), line 942: SyntaxError: invalid range in character class
JavaScript error: https://pubchem.ncbi.nlm.nih.gov/#query=tris-(dibenzylideneacetone)dipalladium(0), line 942: SyntaxError: invalid range in character class
JavaScript error: https://pubchem.ncbi.nlm.nih.gov/#query=tris-(dibenzylideneacetone)dipalladium(0), line 942: SyntaxError: invalid range in character class
1703101698850	Marionette	INFO	Stopped listening on port 24014
Dynamically enable window occlusion 1
